<?xml version="1.0" encoding="UTF-8"?>
<!-- Generated by org.testng.reporters.JUnitReportReporter -->
<testsuite skipped="0" hostname="DESKTOP-N9QFJ52" name="testRunners.TestRunner_Page1" tests="2" failures="0" timestamp="2022-04-15T18:58:08 IST" time="0.144" errors="0">
  <testcase name="runScenario" time="0.131" classname="testRunners.TestRunner_Page1"/>
  <system-out/>
  <testcase name="runScenario" time="0.013" classname="testRunners.TestRunner_Page1"/>
  <system-out/>
</testsuite> <!-- testRunners.TestRunner_Page1 -->
